<?xml version="1.0" encoding="UTF-8"?>
<!-- Generated by org.testng.reporters.JUnitReportReporter -->
<testsuite hostname="Maruthi" failures="0" tests="1" name="com.example.orangehrm.tests.LoginTest" time="0.010" errors="0" timestamp="2025-09-17T18:28:11 IST" skipped="0">
  <testcase classname="com.example.orangehrm.tests.LoginTest" name="testLogin" time="0.010"/>
</testsuite> <!-- com.example.orangehrm.tests.LoginTest -->
