<?xml version="1.0" encoding="UTF-8"?>
<!-- Generated by org.testng.reporters.JUnitReportReporter -->
<testsuite hostname="Maruthi" failures="0" tests="1" name="com.example.orangehrm.tests.LoginTest" time="0.012" errors="0" timestamp="2025-09-21T08:52:20 IST" skipped="0">
  <testcase classname="com.example.orangehrm.tests.LoginTest" name="testLogin" time="0.012"/>
</testsuite> <!-- com.example.orangehrm.tests.LoginTest -->
