<?xml version="1.0" encoding="UTF-8"?>
<!-- Generated by org.testng.reporters.JUnitReportReporter -->
<testsuite hostname="Maruthi" failures="0" tests="1" name="com.example.orangehrm.tests.LoginTest" time="5.157" errors="0" timestamp="2025-10-28T20:17:42 IST" skipped="0">
  <testcase classname="com.example.orangehrm.tests.LoginTest" name="testLoginAPI" time="5.157"/>
</testsuite> <!-- com.example.orangehrm.tests.LoginTest -->
